<?xml version="1.0" encoding="UTF-8"?>
<!-- Generated by org.testng.reporters.JUnitReportReporter -->
<testsuite hostname="RENLTP2N103" failures="0" tests="1" name="com.inetBanking.testCases.TC_EditCustomerInfoTest_004" time="11.701" errors="0" timestamp="2021-12-03T17:52:30 IST" skipped="0">
  <testcase classname="com.inetBanking.testCases.TC_EditCustomerInfoTest_004" name="updateCustInfoTest" time="11.701"/>
  <system-out/>
</testsuite> <!-- com.inetBanking.testCases.TC_EditCustomerInfoTest_004 -->
