<?xml version="1.0" encoding="UTF-8"?>
<!-- Generated by org.testng.reporters.JUnitReportReporter -->
<testsuite hostname="RENLTP2N103" failures="0" tests="1" name="com.inetBanking.testCases.TC_LoginTest_001" time="6.094" errors="0" timestamp="2021-11-22T18:59:40 IST" skipped="0">
  <testcase classname="com.inetBanking.testCases.TC_LoginTest_001" name="loginTest" time="6.094"/>
  <system-out/>
</testsuite> <!-- com.inetBanking.testCases.TC_LoginTest_001 -->
