<?xml version="1.0" encoding="UTF-8"?>
<!-- Generated by org.testng.reporters.JUnitReportReporter -->
<testsuite hostname="RENLTP2N103" failures="0" tests="1" name="com.inetBanking.testCases.TC_WithdrwalTest_010" time="40.302" errors="0" timestamp="2021-12-16T15:28:15 IST" skipped="0">
  <testcase classname="com.inetBanking.testCases.TC_WithdrwalTest_010" name="withdrawalAmount" time="40.302"/>
  <system-out/>
</testsuite> <!-- com.inetBanking.testCases.TC_WithdrwalTest_010 -->
