<?xml version="1.0" encoding="UTF-8"?>
<!-- Generated by org.testng.reporters.JUnitReportReporter -->
<testsuite hostname="RENLTP2N103" failures="0" tests="1" name="com.inetBanking.testCases.TC_DepositTest_009" time="42.457" errors="0" timestamp="2021-12-14T12:55:04 IST" skipped="0">
  <testcase classname="com.inetBanking.testCases.TC_DepositTest_009" name="depositAmount" time="42.457"/>
  <system-out/>
</testsuite> <!-- com.inetBanking.testCases.TC_DepositTest_009 -->
