<?xml version="1.0" encoding="UTF-8"?>
<!-- Generated by org.testng.reporters.JUnitReportReporter -->
<testsuite hostname="RENLTP2N103" failures="0" tests="1" name="com.inetBanking.testCases.TC_NewAccountTest_006" time="26.064" errors="0" timestamp="2021-12-07T18:28:53 IST" skipped="0">
  <testcase classname="com.inetBanking.testCases.TC_NewAccountTest_006" name="newAccountTest" time="26.064"/>
  <system-out/>
</testsuite> <!-- com.inetBanking.testCases.TC_NewAccountTest_006 -->
