<?xml version="1.0" encoding="UTF-8"?>
<!-- Generated by org.testng.reporters.JUnitReportReporter -->
<testsuite hostname="RENLTP2N103" failures="0" tests="1" name="com.inetBanking.testCases.TC_EditAccountTest_007" time="33.490" errors="0" timestamp="2021-12-10T12:09:41 IST" skipped="0">
  <testcase classname="com.inetBanking.testCases.TC_EditAccountTest_007" name="EditNewAccount" time="33.490"/>
  <system-out/>
</testsuite> <!-- com.inetBanking.testCases.TC_EditAccountTest_007 -->
