<?xml version="1.0" encoding="UTF-8"?>
<!-- Generated by org.testng.reporters.JUnitReportReporter -->
<testsuite hostname="RENLTP2N103" failures="0" tests="1" name="com.inetBanking.testCases.TC_DelCustomerTest_005" time="22.204" errors="0" timestamp="2021-12-06T15:54:24 IST" skipped="0">
  <testcase classname="com.inetBanking.testCases.TC_DelCustomerTest_005" name="delCustomerTest" time="22.204"/>
  <system-out/>
</testsuite> <!-- com.inetBanking.testCases.TC_DelCustomerTest_005 -->
